Using pre-set license
Built from '2020.3/release' branch; Version is '2020.3.2f1 (8fd9074bf66c) revision 9427207'; Using compiler version '192528614'; Build Type 'Release'
OS: 'Windows 10 Pro; OS build 18363.1500; Version 1909; 64bit' Language: 'es' Physical Memory: 7609 MB
BatchMode: 1, IsHumanControllingUs: 0, StartBugReporterOnCrash: 0, Is64bit: 1, IsPro: 0

 COMMAND LINE ARGUMENTS:
D:\CODING\Game Dev\Unity\Editor\Unity.exe
-adb2
-batchMode
-noUpm
-name
AssetImportWorker0
-projectPath
D:/CODING/Game Dev/Unity Projects/Maze Generation 2nd version
-logFile
Logs/AssetImportWorker0.log
-srvPort
9925
Successfully changed project path to: D:/CODING/Game Dev/Unity Projects/Maze Generation 2nd version
D:/CODING/Game Dev/Unity Projects/Maze Generation 2nd version
Using Asset Import Pipeline V2.
Refreshing native plugins compatible for Editor in 89.98 ms, found 1 plugins.
Preloading 0 native plugins for Editor in 0.00 ms.
Initialize engine version: 2020.3.2f1 (8fd9074bf66c)
[Subsystems] Discovering subsystems at path D:/CODING/Game Dev/Unity/Editor/Data/Resources/UnitySubsystems
[Subsystems] Discovering subsystems at path D:/CODING/Game Dev/Unity Projects/Maze Generation 2nd version/Assets
GfxDevice: creating device client; threaded=0
Direct3D:
    Version:  Direct3D 11.0 [level 11.1]
    Renderer: Intel(R) HD Graphics Family (ID=0xa16)
    Vendor:   
    VRAM:     2048 MB
    Driver:   20.19.15.5126
Initialize mono
Mono path[0] = 'D:/CODING/Game Dev/Unity/Editor/Data/Managed'
Mono path[1] = 'D:/CODING/Game Dev/Unity/Editor/Data/MonoBleedingEdge/lib/mono/unityjit'
Mono config path = 'D:/CODING/Game Dev/Unity/Editor/Data/MonoBleedingEdge/etc'
Using monoOptions --debugger-agent=transport=dt_socket,embedding=1,server=y,suspend=n,address=127.0.0.1:56196
Begin MonoManager ReloadAssembly
Registering precompiled unity dll's ...
Register platform support module: D:/CODING/Game Dev/Unity/Editor/Data/PlaybackEngines/WindowsStandaloneSupport/UnityEditor.WindowsStandalone.Extensions.dll
Registered in 0.001344 seconds.
Native extension for WindowsStandalone target not found
Refreshing native plugins compatible for Editor in 119.00 ms, found 1 plugins.
Preloading 0 native plugins for Editor in 0.00 ms.
Invoked RoslynAnalysisRunner static constructor.
RoslynAnalysisRunner will not be running.
RoslynAnalysisRunner has terminated.
Mono: successfully reloaded assembly
- Completed reload, in  1.530 seconds
Platform modules already initialized, skipping
Registering precompiled user dll's ...
Registered in 0.001526 seconds.
Begin MonoManager ReloadAssembly
Native extension for WindowsStandalone target not found
Refreshing native plugins compatible for Editor in 89.98 ms, found 1 plugins.
Preloading 0 native plugins for Editor in 0.00 ms.
Invoked RoslynAnalysisRunner static constructor.
RoslynAnalysisRunner will not be running.
RoslynAnalysisRunner has terminated.
Mono: successfully reloaded assembly
- Completed reload, in  2.509 seconds
Platform modules already initialized, skipping
========================================================================
Worker process is ready to serve import requests
Shader 'Universal Render Pipeline/Particles/Lit': fallback shader 'Universal Render Pipeline/Particles/SimpleLit' not found
Shader 'Universal Render Pipeline/Particles/Lit': fallback shader 'Universal Render Pipeline/Particles/SimpleLit' not found
Launched and connected shader compiler UnityShaderCompiler.exe after 0.08 seconds
Refreshing native plugins compatible for Editor in 3.68 ms, found 1 plugins.
Preloading 0 native plugins for Editor in 0.00 ms.
Unloading 3177 Unused Serialized files (Serialized files now loaded: 0)
System memory in use before: 163.4 MB.
System memory in use after: 161.5 MB.

Unloading 39 unused Assets to reduce memory usage. Loaded Objects now: 3631.
Total: 11.095900 ms (FindLiveObjects: 1.485600 ms CreateObjectMapping: 0.473800 ms MarkObjects: 6.358100 ms  DeleteObjects: 2.769200 ms)

========================================================================
Received Import Request.
  path: Assets/BlackThorn/Animations/Player/Player.controller
  artifactKey: Guid(7cae155a4e64b2546b97a0ceb4919c84) Importer(815301076,1909f56bfc062723c751e8b465ee728b)
Start importing Assets/BlackThorn/Animations/Player/Player.controller using Guid(7cae155a4e64b2546b97a0ceb4919c84) Importer(815301076,1909f56bfc062723c751e8b465ee728b)  -> (artifact id: '02fcdb337dd49310f79f3e80d8c24aac') in 0.215808 seconds
  Import took 0.240963 seconds .

========================================================================
Received Import Request.
  Time since last request: 0.000440 seconds.
  path: Assets/BlackThorn/Animations/Player
  artifactKey: Guid(5c7a780c88cc4dc4c996dc6f4269466e) Importer(815301076,1909f56bfc062723c751e8b465ee728b)
Start importing Assets/BlackThorn/Animations/Player using Guid(5c7a780c88cc4dc4c996dc6f4269466e) Importer(815301076,1909f56bfc062723c751e8b465ee728b)  -> (artifact id: '729432cf776df64527d1049ee269758d') in 0.031406 seconds
  Import took 0.055796 seconds .

========================================================================
Received Import Request.
  Time since last request: 11.239066 seconds.
  path: Assets/BlackThorn/Scripts
  artifactKey: Guid(9f2c9379275fbe642a4e2fa742e51f8e) Importer(815301076,1909f56bfc062723c751e8b465ee728b)
Start importing Assets/BlackThorn/Scripts using Guid(9f2c9379275fbe642a4e2fa742e51f8e) Importer(815301076,1909f56bfc062723c751e8b465ee728b)  -> (artifact id: '5d53a26760dd6dac2b2781987194acae') in 0.022908 seconds
  Import took 0.035015 seconds .

========================================================================
Received Import Request.
  Time since last request: 1.685090 seconds.
  path: Assets/BlackThorn/Scripts/CameraFollow.cs
  artifactKey: Guid(a9082838087dce544a0fc69936010012) Importer(815301076,1909f56bfc062723c751e8b465ee728b)
Start importing Assets/BlackThorn/Scripts/CameraFollow.cs using Guid(a9082838087dce544a0fc69936010012) Importer(815301076,1909f56bfc062723c751e8b465ee728b)  -> (artifact id: 'c2c25a05596368bfdc86f353331eb23b') in 0.024561 seconds
  Import took 0.040159 seconds .

========================================================================
Received Import Request.
  Time since last request: 0.000956 seconds.
  path: Assets/BlackThorn/Scripts/CameraFollow.cs
  artifactKey: Guid(a9082838087dce544a0fc69936010012) Importer(815301076,1909f56bfc062723c751e8b465ee728b)
Start importing Assets/BlackThorn/Scripts/CameraFollow.cs using Guid(a9082838087dce544a0fc69936010012) Importer(815301076,1909f56bfc062723c751e8b465ee728b)  -> (artifact id: 'c2c25a05596368bfdc86f353331eb23b') in 0.007651 seconds
  Import took 0.021090 seconds .

========================================================================
Received Import Request.
  Time since last request: 1.106063 seconds.
  path: Assets/BlackThorn/Scripts/LevelGeneration.cs
  artifactKey: Guid(7b4409eb5fcf367489f8072acfbc72cd) Importer(815301076,1909f56bfc062723c751e8b465ee728b)
Start importing Assets/BlackThorn/Scripts/LevelGeneration.cs using Guid(7b4409eb5fcf367489f8072acfbc72cd) Importer(815301076,1909f56bfc062723c751e8b465ee728b)  -> (artifact id: '2b8fe0810542a6d7fca7671dec6150d7') in 0.013154 seconds
  Import took 0.027191 seconds .

========================================================================
Received Import Request.
  Time since last request: 0.038837 seconds.
  path: Assets/BlackThorn/Scripts/LevelGeneration.cs
  artifactKey: Guid(7b4409eb5fcf367489f8072acfbc72cd) Importer(815301076,1909f56bfc062723c751e8b465ee728b)
Start importing Assets/BlackThorn/Scripts/LevelGeneration.cs using Guid(7b4409eb5fcf367489f8072acfbc72cd) Importer(815301076,1909f56bfc062723c751e8b465ee728b)  -> (artifact id: '2b8fe0810542a6d7fca7671dec6150d7') in 0.007075 seconds
  Import took 0.024842 seconds .

========================================================================
Received Import Request.
  Time since last request: 2.159618 seconds.
  path: Assets/BlackThorn/Scripts/Room.cs
  artifactKey: Guid(44567244a0a94d3488bca3f3e6f38867) Importer(815301076,1909f56bfc062723c751e8b465ee728b)
Start importing Assets/BlackThorn/Scripts/Room.cs using Guid(44567244a0a94d3488bca3f3e6f38867) Importer(815301076,1909f56bfc062723c751e8b465ee728b)  -> (artifact id: 'a0c842d52601ed1a0df96025578338e0') in 0.013150 seconds
  Import took 0.028591 seconds .

========================================================================
Received Import Request.
  Time since last request: 0.005163 seconds.
  path: Assets/BlackThorn/Scripts/Room.cs
  artifactKey: Guid(44567244a0a94d3488bca3f3e6f38867) Importer(815301076,1909f56bfc062723c751e8b465ee728b)
Start importing Assets/BlackThorn/Scripts/Room.cs using Guid(44567244a0a94d3488bca3f3e6f38867) Importer(815301076,1909f56bfc062723c751e8b465ee728b)  -> (artifact id: 'a0c842d52601ed1a0df96025578338e0') in 0.005890 seconds
  Import took 0.032158 seconds .

========================================================================
Received Prepare
Registering precompiled user dll's ...
Registered in 0.006284 seconds.
Begin MonoManager ReloadAssembly
Native extension for WindowsStandalone target not found
Refreshing native plugins compatible for Editor in 0.94 ms, found 1 plugins.
Preloading 0 native plugins for Editor in 0.00 ms.
Invoked RoslynAnalysisRunner static constructor.
RoslynAnalysisRunner will not be running.
RoslynAnalysisRunner has terminated.
Mono: successfully reloaded assembly
- Completed reload, in  2.574 seconds
Platform modules already initialized, skipping
Shader 'Universal Render Pipeline/Particles/Lit': fallback shader 'Universal Render Pipeline/Particles/SimpleLit' not found
Shader 'Universal Render Pipeline/Particles/Lit': fallback shader 'Universal Render Pipeline/Particles/SimpleLit' not found
Refreshing native plugins compatible for Editor in 2.34 ms, found 1 plugins.
Preloading 0 native plugins for Editor in 0.00 ms.
Unloading 3065 Unused Serialized files (Serialized files now loaded: 0)
System memory in use before: 156.3 MB.
System memory in use after: 154.4 MB.

Unloading 33 unused Assets to reduce memory usage. Loaded Objects now: 3634.
Total: 60.972100 ms (FindLiveObjects: 1.340100 ms CreateObjectMapping: 0.651600 ms MarkObjects: 56.275000 ms  DeleteObjects: 2.702200 ms)

========================================================================
Received Import Request.
  Time since last request: 30.486193 seconds.
  path: Assets/BlackThorn/Scripts/SpawnPoint.cs
  artifactKey: Guid(421b6e36e8bc8f74fad08f281269b92e) Importer(815301076,1909f56bfc062723c751e8b465ee728b)
Start importing Assets/BlackThorn/Scripts/SpawnPoint.cs using Guid(421b6e36e8bc8f74fad08f281269b92e) Importer(815301076,1909f56bfc062723c751e8b465ee728b)  -> (artifact id: 'ce82e4896e5d55ecf5434b4553ce4784') in 0.032121 seconds
  Import took 0.054064 seconds .

========================================================================
Received Import Request.
  Time since last request: 29.371714 seconds.
  path: Assets/Scripts/Forest Gen
  artifactKey: Guid(f1ed586e65afd4845b273ec4004d5ec3) Importer(815301076,1909f56bfc062723c751e8b465ee728b)
Start importing Assets/Scripts/Forest Gen using Guid(f1ed586e65afd4845b273ec4004d5ec3) Importer(815301076,1909f56bfc062723c751e8b465ee728b)  -> (artifact id: '9d1cc2e9aa27f5d0753cfdb9b58cca80') in 0.015266 seconds
  Import took 0.026872 seconds .

========================================================================
Received Import Request.
  Time since last request: 0.004839 seconds.
  path: Assets/Scripts/Forest Gen
  artifactKey: Guid(f1ed586e65afd4845b273ec4004d5ec3) Importer(815301076,1909f56bfc062723c751e8b465ee728b)
Start importing Assets/Scripts/Forest Gen using Guid(f1ed586e65afd4845b273ec4004d5ec3) Importer(815301076,1909f56bfc062723c751e8b465ee728b)  -> (artifact id: '9d1cc2e9aa27f5d0753cfdb9b58cca80') in 0.007994 seconds
  Import took 0.021176 seconds .

========================================================================
Received Import Request.
  Time since last request: 11.012311 seconds.
  path: Assets/Scripts/Maze Gen
  artifactKey: Guid(4c91730bb1c7b274da0e54a53adee1c7) Importer(815301076,1909f56bfc062723c751e8b465ee728b)
Start importing Assets/Scripts/Maze Gen using Guid(4c91730bb1c7b274da0e54a53adee1c7) Importer(815301076,1909f56bfc062723c751e8b465ee728b)  -> (artifact id: 'b451e6c9e9ddee86e59963731c9e62fd') in 0.020491 seconds
  Import took 0.036284 seconds .

========================================================================
Received Import Request.
  Time since last request: 0.003345 seconds.
  path: Assets/Scripts/Maze Gen
  artifactKey: Guid(4c91730bb1c7b274da0e54a53adee1c7) Importer(815301076,1909f56bfc062723c751e8b465ee728b)
Start importing Assets/Scripts/Maze Gen using Guid(4c91730bb1c7b274da0e54a53adee1c7) Importer(815301076,1909f56bfc062723c751e8b465ee728b)  -> (artifact id: 'b451e6c9e9ddee86e59963731c9e62fd') in 0.007023 seconds
  Import took 0.021990 seconds .

========================================================================
Received Prepare
Registering precompiled user dll's ...
Registered in 0.002379 seconds.
Begin MonoManager ReloadAssembly
Native extension for WindowsStandalone target not found
Refreshing native plugins compatible for Editor in 0.71 ms, found 1 plugins.
Preloading 0 native plugins for Editor in 0.00 ms.
Invoked RoslynAnalysisRunner static constructor.
RoslynAnalysisRunner will not be running.
RoslynAnalysisRunner has terminated.
Mono: successfully reloaded assembly
- Completed reload, in  1.484 seconds
Platform modules already initialized, skipping
Shader 'Universal Render Pipeline/Particles/Lit': fallback shader 'Universal Render Pipeline/Particles/SimpleLit' not found
Shader 'Universal Render Pipeline/Particles/Lit': fallback shader 'Universal Render Pipeline/Particles/SimpleLit' not found
Refreshing native plugins compatible for Editor in 2.07 ms, found 1 plugins.
Preloading 0 native plugins for Editor in 0.00 ms.
Unloading 3065 Unused Serialized files (Serialized files now loaded: 0)
System memory in use before: 156.4 MB.
System memory in use after: 154.5 MB.

Unloading 32 unused Assets to reduce memory usage. Loaded Objects now: 3638.
Total: 19.775300 ms (FindLiveObjects: 1.242400 ms CreateObjectMapping: 0.703300 ms MarkObjects: 8.044700 ms  DeleteObjects: 9.780800 ms)

========================================================================
Received Prepare
Registering precompiled user dll's ...
Registered in 0.001658 seconds.
Begin MonoManager ReloadAssembly
Native extension for WindowsStandalone target not found
Refreshing native plugins compatible for Editor in 0.69 ms, found 1 plugins.
Preloading 0 native plugins for Editor in 0.00 ms.
Invoked RoslynAnalysisRunner static constructor.
RoslynAnalysisRunner will not be running.
RoslynAnalysisRunner has terminated.
Mono: successfully reloaded assembly
- Completed reload, in  1.373 seconds
Platform modules already initialized, skipping
Shader 'Universal Render Pipeline/Particles/Lit': fallback shader 'Universal Render Pipeline/Particles/SimpleLit' not found
Shader 'Universal Render Pipeline/Particles/Lit': fallback shader 'Universal Render Pipeline/Particles/SimpleLit' not found
Refreshing native plugins compatible for Editor in 1.74 ms, found 1 plugins.
Preloading 0 native plugins for Editor in 0.00 ms.
Unloading 3065 Unused Serialized files (Serialized files now loaded: 0)
System memory in use before: 156.2 MB.
System memory in use after: 154.3 MB.

Unloading 32 unused Assets to reduce memory usage. Loaded Objects now: 3642.
Total: 19.357900 ms (FindLiveObjects: 2.563100 ms CreateObjectMapping: 0.504000 ms MarkObjects: 7.211600 ms  DeleteObjects: 9.075700 ms)

========================================================================
Received Prepare
Registering precompiled user dll's ...
Registered in 0.002024 seconds.
Begin MonoManager ReloadAssembly
Native extension for WindowsStandalone target not found
Refreshing native plugins compatible for Editor in 0.75 ms, found 1 plugins.
Preloading 0 native plugins for Editor in 0.00 ms.
Invoked RoslynAnalysisRunner static constructor.
RoslynAnalysisRunner will not be running.
RoslynAnalysisRunner has terminated.
Mono: successfully reloaded assembly
- Completed reload, in  1.451 seconds
Platform modules already initialized, skipping
Shader 'Universal Render Pipeline/Particles/Lit': fallback shader 'Universal Render Pipeline/Particles/SimpleLit' not found
Shader 'Universal Render Pipeline/Particles/Lit': fallback shader 'Universal Render Pipeline/Particles/SimpleLit' not found
Refreshing native plugins compatible for Editor in 1.71 ms, found 1 plugins.
Preloading 0 native plugins for Editor in 0.00 ms.
Unloading 3064 Unused Serialized files (Serialized files now loaded: 0)
System memory in use before: 156.2 MB.
System memory in use after: 154.3 MB.

Unloading 33 unused Assets to reduce memory usage. Loaded Objects now: 3645.
Total: 23.930100 ms (FindLiveObjects: 1.222900 ms CreateObjectMapping: 0.583200 ms MarkObjects: 18.649500 ms  DeleteObjects: 3.471100 ms)

========================================================================
Received Prepare
Registering precompiled user dll's ...
Registered in 0.001570 seconds.
Begin MonoManager ReloadAssembly
Native extension for WindowsStandalone target not found
Refreshing native plugins compatible for Editor in 0.72 ms, found 1 plugins.
Preloading 0 native plugins for Editor in 0.00 ms.
Invoked RoslynAnalysisRunner static constructor.
RoslynAnalysisRunner will not be running.
RoslynAnalysisRunner has terminated.
Mono: successfully reloaded assembly
- Completed reload, in  1.605 seconds
Platform modules already initialized, skipping
Shader 'Universal Render Pipeline/Particles/Lit': fallback shader 'Universal Render Pipeline/Particles/SimpleLit' not found
Shader 'Universal Render Pipeline/Particles/Lit': fallback shader 'Universal Render Pipeline/Particles/SimpleLit' not found
Refreshing native plugins compatible for Editor in 1.84 ms, found 1 plugins.
Preloading 0 native plugins for Editor in 0.00 ms.
Unloading 3064 Unused Serialized files (Serialized files now loaded: 0)
System memory in use before: 156.2 MB.
System memory in use after: 154.3 MB.

Unloading 32 unused Assets to reduce memory usage. Loaded Objects now: 3649.
Total: 13.317800 ms (FindLiveObjects: 0.933600 ms CreateObjectMapping: 2.219500 ms MarkObjects: 5.905500 ms  DeleteObjects: 4.255000 ms)

========================================================================
Received Import Request.
  Time since last request: 81.889479 seconds.
  path: Assets/AStarPathFinding.cs
  artifactKey: Guid(38138c0ac99022e4ea43c467c21ef803) Importer(815301076,1909f56bfc062723c751e8b465ee728b)
Start importing Assets/AStarPathFinding.cs using Guid(38138c0ac99022e4ea43c467c21ef803) Importer(815301076,1909f56bfc062723c751e8b465ee728b)  -> (artifact id: '42ea510ea4a9328bb78fe7d8dcacfc0c') in 0.029253 seconds
  Import took 0.046760 seconds .

========================================================================
Received Import Request.
  Time since last request: 0.000618 seconds.
  path: Assets/AStarPathFinding.cs
  artifactKey: Guid(38138c0ac99022e4ea43c467c21ef803) Importer(815301076,1909f56bfc062723c751e8b465ee728b)
Start importing Assets/AStarPathFinding.cs using Guid(38138c0ac99022e4ea43c467c21ef803) Importer(815301076,1909f56bfc062723c751e8b465ee728b)  -> (artifact id: '42ea510ea4a9328bb78fe7d8dcacfc0c') in 0.006519 seconds
  Import took 0.021648 seconds .

========================================================================
Received Import Request.
  Time since last request: 3.104169 seconds.
  path: Assets/SetAStarPos.cs
  artifactKey: Guid(5ca54f60e4dd2e645ab8da6c9d78fe11) Importer(815301076,1909f56bfc062723c751e8b465ee728b)
Start importing Assets/SetAStarPos.cs using Guid(5ca54f60e4dd2e645ab8da6c9d78fe11) Importer(815301076,1909f56bfc062723c751e8b465ee728b)  -> (artifact id: 'ad461fe712db1919153916441037ce31') in 0.022007 seconds
  Import took 0.037975 seconds .

========================================================================
Received Prepare
Registering precompiled user dll's ...
Registered in 0.002740 seconds.
Begin MonoManager ReloadAssembly
Native extension for WindowsStandalone target not found
Refreshing native plugins compatible for Editor in 2.39 ms, found 1 plugins.
Preloading 0 native plugins for Editor in 0.00 ms.
Invoked RoslynAnalysisRunner static constructor.
RoslynAnalysisRunner will not be running.
RoslynAnalysisRunner has terminated.
Mono: successfully reloaded assembly
- Completed reload, in  1.941 seconds
Platform modules already initialized, skipping
Shader 'Universal Render Pipeline/Particles/Lit': fallback shader 'Universal Render Pipeline/Particles/SimpleLit' not found
Shader 'Universal Render Pipeline/Particles/Lit': fallback shader 'Universal Render Pipeline/Particles/SimpleLit' not found
Refreshing native plugins compatible for Editor in 28.44 ms, found 1 plugins.
Preloading 0 native plugins for Editor in 0.00 ms.
Unloading 3064 Unused Serialized files (Serialized files now loaded: 0)
System memory in use before: 156.2 MB.
System memory in use after: 154.3 MB.

Unloading 32 unused Assets to reduce memory usage. Loaded Objects now: 3653.
Total: 13.287400 ms (FindLiveObjects: 1.080300 ms CreateObjectMapping: 0.585400 ms MarkObjects: 8.605100 ms  DeleteObjects: 3.009200 ms)

========================================================================
Received Prepare
Registering precompiled user dll's ...
Registered in 0.002128 seconds.
Begin MonoManager ReloadAssembly
Native extension for WindowsStandalone target not found
Refreshing native plugins compatible for Editor in 1.14 ms, found 1 plugins.
Preloading 0 native plugins for Editor in 0.00 ms.
Invoked RoslynAnalysisRunner static constructor.
RoslynAnalysisRunner will not be running.
RoslynAnalysisRunner has terminated.
Mono: successfully reloaded assembly
- Completed reload, in  1.749 seconds
Platform modules already initialized, skipping
Shader 'Universal Render Pipeline/Particles/Lit': fallback shader 'Universal Render Pipeline/Particles/SimpleLit' not found
Shader 'Universal Render Pipeline/Particles/Lit': fallback shader 'Universal Render Pipeline/Particles/SimpleLit' not found
Refreshing native plugins compatible for Editor in 1.58 ms, found 1 plugins.
Preloading 0 native plugins for Editor in 0.00 ms.
Unloading 3064 Unused Serialized files (Serialized files now loaded: 0)
System memory in use before: 156.2 MB.
System memory in use after: 154.3 MB.

Unloading 32 unused Assets to reduce memory usage. Loaded Objects now: 3657.
Total: 42.181800 ms (FindLiveObjects: 15.355100 ms CreateObjectMapping: 1.108800 ms MarkObjects: 19.878600 ms  DeleteObjects: 5.834500 ms)

========================================================================
Received Import Request.
  Time since last request: 38.145054 seconds.
  path: Assets/CinemachineShake.cs
  artifactKey: Guid(0be8128e96b364c4c8aa3a32b5c838f6) Importer(815301076,1909f56bfc062723c751e8b465ee728b)
Start importing Assets/CinemachineShake.cs using Guid(0be8128e96b364c4c8aa3a32b5c838f6) Importer(815301076,1909f56bfc062723c751e8b465ee728b)  -> (artifact id: 'f2124851d0d1e73651d3f7d9a2b609bc') in 0.082497 seconds
  Import took 0.102416 seconds .

========================================================================
Received Import Request.
  Time since last request: 4.716981 seconds.
  path: Assets/TextosEffect.cs
  artifactKey: Guid(0cb03691967fd8647b650d9039d1823c) Importer(815301076,1909f56bfc062723c751e8b465ee728b)
Start importing Assets/TextosEffect.cs using Guid(0cb03691967fd8647b650d9039d1823c) Importer(815301076,1909f56bfc062723c751e8b465ee728b)  -> (artifact id: '3c9e34a5e843b7c66e012127e365f3ae') in 0.020461 seconds
  Import took 0.036309 seconds .

========================================================================
Received Import Request.
  Time since last request: 62.042483 seconds.
  path: Assets/New Tileset 1.asset
  artifactKey: Guid(02b5adbda5fc1ee48959d8277f532a4a) Importer(815301076,1909f56bfc062723c751e8b465ee728b)
Start importing Assets/New Tileset 1.asset using Guid(02b5adbda5fc1ee48959d8277f532a4a) Importer(815301076,1909f56bfc062723c751e8b465ee728b)  -> (artifact id: '8f834d1d65a87d415d322eb37b3c9c75') in 0.583988 seconds
  Import took 0.742268 seconds .

========================================================================
Received Import Request.
  Time since last request: 0.000589 seconds.
  path: Assets/Road 1.asset
  artifactKey: Guid(378e8845d9139ab4bb9c91ddcb40b7fe) Importer(815301076,1909f56bfc062723c751e8b465ee728b)
Start importing Assets/Road 1.asset using Guid(378e8845d9139ab4bb9c91ddcb40b7fe) Importer(815301076,1909f56bfc062723c751e8b465ee728b)  -> (artifact id: '3521cb67f49de898a5e7aeecef6bc7aa') in 0.105927 seconds
  Import took 0.183141 seconds .

========================================================================
Received Import Request.
  Time since last request: 0.009445 seconds.
  path: Assets/Road and Basic 1.asset
  artifactKey: Guid(5a785f5dd437ca64ebfc52deb17c0451) Importer(815301076,1909f56bfc062723c751e8b465ee728b)
Start importing Assets/Road and Basic 1.asset using Guid(5a785f5dd437ca64ebfc52deb17c0451) Importer(815301076,1909f56bfc062723c751e8b465ee728b)  -> (artifact id: 'c578044e5e8d50ea41c7c7e0da411f0c') in 0.118958 seconds
  Import took 0.418819 seconds .

========================================================================
Received Prepare
Registering precompiled user dll's ...
Registered in 0.003677 seconds.
Begin MonoManager ReloadAssembly
Native extension for WindowsStandalone target not found
Refreshing native plugins compatible for Editor in 0.79 ms, found 1 plugins.
Preloading 0 native plugins for Editor in 0.00 ms.
Invoked RoslynAnalysisRunner static constructor.
RoslynAnalysisRunner will not be running.
RoslynAnalysisRunner has terminated.
Mono: successfully reloaded assembly
- Completed reload, in  1.782 seconds
Platform modules already initialized, skipping
Shader 'Universal Render Pipeline/Particles/Lit': fallback shader 'Universal Render Pipeline/Particles/SimpleLit' not found
Shader 'Universal Render Pipeline/Particles/Lit': fallback shader 'Universal Render Pipeline/Particles/SimpleLit' not found
Refreshing native plugins compatible for Editor in 1.85 ms, found 1 plugins.
Preloading 0 native plugins for Editor in 0.00 ms.
Unloading 3064 Unused Serialized files (Serialized files now loaded: 0)
System memory in use before: 156.3 MB.
System memory in use after: 154.4 MB.

Unloading 32 unused Assets to reduce memory usage. Loaded Objects now: 3661.
Total: 14.441000 ms (FindLiveObjects: 2.169600 ms CreateObjectMapping: 0.519900 ms MarkObjects: 8.123000 ms  DeleteObjects: 3.624700 ms)

========================================================================
Received Import Request.
  Time since last request: 239.133741 seconds.
  path: Assets/PlayerAfterImagePool.cs
  artifactKey: Guid(04d7b8f52deea6e4f92d901e03a53eb1) Importer(815301076,1909f56bfc062723c751e8b465ee728b)
Start importing Assets/PlayerAfterImagePool.cs using Guid(04d7b8f52deea6e4f92d901e03a53eb1) Importer(815301076,1909f56bfc062723c751e8b465ee728b)  -> (artifact id: '032d8a1a8069362954930c8c2844e241') in 0.030827 seconds
  Import took 0.050885 seconds .

========================================================================
Received Import Request.
  Time since last request: 0.003405 seconds.
  path: Assets/PlayerAfterImagePool.cs
  artifactKey: Guid(04d7b8f52deea6e4f92d901e03a53eb1) Importer(815301076,1909f56bfc062723c751e8b465ee728b)
Start importing Assets/PlayerAfterImagePool.cs using Guid(04d7b8f52deea6e4f92d901e03a53eb1) Importer(815301076,1909f56bfc062723c751e8b465ee728b)  -> (artifact id: '032d8a1a8069362954930c8c2844e241') in 0.006024 seconds
  Import took 0.019654 seconds .

========================================================================
Received Prepare
Registering precompiled user dll's ...
Registered in 0.002392 seconds.
Begin MonoManager ReloadAssembly
Native extension for WindowsStandalone target not found
Refreshing native plugins compatible for Editor in 0.70 ms, found 1 plugins.
Preloading 0 native plugins for Editor in 0.00 ms.
Invoked RoslynAnalysisRunner static constructor.
RoslynAnalysisRunner will not be running.
RoslynAnalysisRunner has terminated.
Mono: successfully reloaded assembly
- Completed reload, in  1.940 seconds
Platform modules already initialized, skipping
Shader 'Universal Render Pipeline/Particles/Lit': fallback shader 'Universal Render Pipeline/Particles/SimpleLit' not found
Shader 'Universal Render Pipeline/Particles/Lit': fallback shader 'Universal Render Pipeline/Particles/SimpleLit' not found
Refreshing native plugins compatible for Editor in 2.24 ms, found 1 plugins.
Preloading 0 native plugins for Editor in 0.00 ms.
Unloading 3064 Unused Serialized files (Serialized files now loaded: 0)
System memory in use before: 156.3 MB.
System memory in use after: 154.4 MB.

Unloading 32 unused Assets to reduce memory usage. Loaded Objects now: 3665.
Total: 24.658800 ms (FindLiveObjects: 0.974600 ms CreateObjectMapping: 2.419600 ms MarkObjects: 17.728900 ms  DeleteObjects: 3.532000 ms)

========================================================================
Received Prepare
Registering precompiled user dll's ...
Registered in 0.002485 seconds.
Begin MonoManager ReloadAssembly
Native extension for WindowsStandalone target not found
Refreshing native plugins compatible for Editor in 0.68 ms, found 1 plugins.
Preloading 0 native plugins for Editor in 0.00 ms.
Invoked RoslynAnalysisRunner static constructor.
RoslynAnalysisRunner will not be running.
RoslynAnalysisRunner has terminated.
Mono: successfully reloaded assembly
- Completed reload, in  1.493 seconds
Platform modules already initialized, skipping
Shader 'Universal Render Pipeline/Particles/Lit': fallback shader 'Universal Render Pipeline/Particles/SimpleLit' not found
Shader 'Universal Render Pipeline/Particles/Lit': fallback shader 'Universal Render Pipeline/Particles/SimpleLit' not found
Refreshing native plugins compatible for Editor in 1.54 ms, found 1 plugins.
Preloading 0 native plugins for Editor in 0.00 ms.
Unloading 3062 Unused Serialized files (Serialized files now loaded: 0)
System memory in use before: 156.2 MB.
System memory in use after: 154.3 MB.

Unloading 34 unused Assets to reduce memory usage. Loaded Objects now: 3667.
Total: 11.551400 ms (FindLiveObjects: 1.300300 ms CreateObjectMapping: 0.490100 ms MarkObjects: 6.368800 ms  DeleteObjects: 3.388400 ms)

========================================================================
Received Prepare
Registering precompiled user dll's ...
Registered in 0.002611 seconds.
Begin MonoManager ReloadAssembly
Native extension for WindowsStandalone target not found
Refreshing native plugins compatible for Editor in 0.68 ms, found 1 plugins.
Preloading 0 native plugins for Editor in 0.00 ms.
Invoked RoslynAnalysisRunner static constructor.
RoslynAnalysisRunner will not be running.
RoslynAnalysisRunner has terminated.
Mono: successfully reloaded assembly
- Completed reload, in  1.832 seconds
Platform modules already initialized, skipping
Shader 'Universal Render Pipeline/Particles/Lit': fallback shader 'Universal Render Pipeline/Particles/SimpleLit' not found
Shader 'Universal Render Pipeline/Particles/Lit': fallback shader 'Universal Render Pipeline/Particles/SimpleLit' not found
Refreshing native plugins compatible for Editor in 1.56 ms, found 1 plugins.
Preloading 0 native plugins for Editor in 0.00 ms.
Unloading 3061 Unused Serialized files (Serialized files now loaded: 0)
System memory in use before: 156.3 MB.
System memory in use after: 154.3 MB.

Unloading 33 unused Assets to reduce memory usage. Loaded Objects now: 3670.
Total: 12.554400 ms (FindLiveObjects: 0.986400 ms CreateObjectMapping: 0.638500 ms MarkObjects: 7.029100 ms  DeleteObjects: 3.896800 ms)

========================================================================
Received Import Request.
  Time since last request: 153.472097 seconds.
  path: Assets/Scripts/HideMe.cs
  artifactKey: Guid(d4209987e7d85674f9640f92466d165c) Importer(815301076,1909f56bfc062723c751e8b465ee728b)
Start importing Assets/Scripts/HideMe.cs using Guid(d4209987e7d85674f9640f92466d165c) Importer(815301076,1909f56bfc062723c751e8b465ee728b)  -> (artifact id: '37a6577a5b2d38120e528b9314b944d5') in 0.073478 seconds
  Import took 0.089505 seconds .

========================================================================
Received Import Request.
  Time since last request: 2.909055 seconds.
  path: Assets/Scripts/IntroController.cs
  artifactKey: Guid(ac3f1f1aac3f8794fb34bac493bd0f7c) Importer(815301076,1909f56bfc062723c751e8b465ee728b)
Start importing Assets/Scripts/IntroController.cs using Guid(ac3f1f1aac3f8794fb34bac493bd0f7c) Importer(815301076,1909f56bfc062723c751e8b465ee728b)  -> (artifact id: '48fcdf76ec496f23f25a3b404041dd1c') in 0.017643 seconds
  Import took 0.039685 seconds .

========================================================================
Received Import Request.
  Time since last request: 0.005989 seconds.
  path: Assets/Scripts/IntroController.cs
  artifactKey: Guid(ac3f1f1aac3f8794fb34bac493bd0f7c) Importer(815301076,1909f56bfc062723c751e8b465ee728b)
Start importing Assets/Scripts/IntroController.cs using Guid(ac3f1f1aac3f8794fb34bac493bd0f7c) Importer(815301076,1909f56bfc062723c751e8b465ee728b)  -> (artifact id: '48fcdf76ec496f23f25a3b404041dd1c') in 0.004882 seconds
  Import took 0.032757 seconds .

========================================================================
Received Import Request.
  Time since last request: 3.001487 seconds.
  path: Assets/Scripts/JefeController.cs
  artifactKey: Guid(462ccf81fc288a4408f074722958f28b) Importer(815301076,1909f56bfc062723c751e8b465ee728b)
Start importing Assets/Scripts/JefeController.cs using Guid(462ccf81fc288a4408f074722958f28b) Importer(815301076,1909f56bfc062723c751e8b465ee728b)  -> (artifact id: '4d4bdb3360f97a98265ec9843a6e361f') in 0.017039 seconds
  Import took 0.030690 seconds .

========================================================================
Received Import Request.
  Time since last request: 0.005526 seconds.
  path: Assets/Scripts/JefeController.cs
  artifactKey: Guid(462ccf81fc288a4408f074722958f28b) Importer(815301076,1909f56bfc062723c751e8b465ee728b)
Start importing Assets/Scripts/JefeController.cs using Guid(462ccf81fc288a4408f074722958f28b) Importer(815301076,1909f56bfc062723c751e8b465ee728b)  -> (artifact id: '4d4bdb3360f97a98265ec9843a6e361f') in 0.012597 seconds
  Import took 0.026932 seconds .

========================================================================
Received Prepare
Registering precompiled user dll's ...
Registered in 0.001841 seconds.
Begin MonoManager ReloadAssembly
Native extension for WindowsStandalone target not found
Refreshing native plugins compatible for Editor in 0.76 ms, found 1 plugins.
Preloading 0 native plugins for Editor in 0.00 ms.
Invoked RoslynAnalysisRunner static constructor.
RoslynAnalysisRunner will not be running.
RoslynAnalysisRunner has terminated.
Mono: successfully reloaded assembly
- Completed reload, in  1.824 seconds
Platform modules already initialized, skipping
Shader 'Universal Render Pipeline/Particles/Lit': fallback shader 'Universal Render Pipeline/Particles/SimpleLit' not found
Shader 'Universal Render Pipeline/Particles/Lit': fallback shader 'Universal Render Pipeline/Particles/SimpleLit' not found
Refreshing native plugins compatible for Editor in 1.51 ms, found 1 plugins.
Preloading 0 native plugins for Editor in 0.00 ms.
Unloading 3060 Unused Serialized files (Serialized files now loaded: 0)
System memory in use before: 156.2 MB.
System memory in use after: 154.3 MB.

Unloading 33 unused Assets to reduce memory usage. Loaded Objects now: 3673.
Total: 11.940900 ms (FindLiveObjects: 1.139100 ms CreateObjectMapping: 0.414100 ms MarkObjects: 6.990500 ms  DeleteObjects: 3.393600 ms)

========================================================================
Received Import Request.
  Time since last request: 17.439666 seconds.
  path: Assets/Scripts/MazeGameplayController.cs
  artifactKey: Guid(fad57d4079d5d7e4590cfdfdc61f1990) Importer(815301076,1909f56bfc062723c751e8b465ee728b)
Start importing Assets/Scripts/MazeGameplayController.cs using Guid(fad57d4079d5d7e4590cfdfdc61f1990) Importer(815301076,1909f56bfc062723c751e8b465ee728b)  -> (artifact id: '14c97908a0ea0b1dd85947aa1d123ae6') in 0.064178 seconds
  Import took 0.080601 seconds .

========================================================================
Received Import Request.
  Time since last request: 0.468510 seconds.
  path: Assets/Scripts/MovementController.cs
  artifactKey: Guid(42274564b9920b045b6361fa67206ded) Importer(815301076,1909f56bfc062723c751e8b465ee728b)
Start importing Assets/Scripts/MovementController.cs using Guid(42274564b9920b045b6361fa67206ded) Importer(815301076,1909f56bfc062723c751e8b465ee728b)  -> (artifact id: '9c9a667f783f8b5043187ab7d7c3f16a') in 0.017195 seconds
  Import took 0.032166 seconds .

========================================================================
Received Import Request.
  Time since last request: 0.008403 seconds.
  path: Assets/Scripts/MovementController.cs
  artifactKey: Guid(42274564b9920b045b6361fa67206ded) Importer(815301076,1909f56bfc062723c751e8b465ee728b)
Start importing Assets/Scripts/MovementController.cs using Guid(42274564b9920b045b6361fa67206ded) Importer(815301076,1909f56bfc062723c751e8b465ee728b)  -> (artifact id: '9c9a667f783f8b5043187ab7d7c3f16a') in 0.005981 seconds
  Import took 0.025559 seconds .

========================================================================
Received Import Request.
  Time since last request: 5.333028 seconds.
  path: Assets/Scripts/PlayerAfterImage.cs
  artifactKey: Guid(07904b262d7318e40a6d22ba4c6bf244) Importer(815301076,1909f56bfc062723c751e8b465ee728b)
Start importing Assets/Scripts/PlayerAfterImage.cs using Guid(07904b262d7318e40a6d22ba4c6bf244) Importer(815301076,1909f56bfc062723c751e8b465ee728b)  -> (artifact id: '8a32f56343c8594d807add2614638ef5') in 0.019141 seconds
  Import took 0.039348 seconds .

========================================================================
Received Import Request.
  Time since last request: 2.656549 seconds.
  path: Assets/Scripts/Projectile.cs
  artifactKey: Guid(54dfa9a09c469dc4a8086fd8026c5ce7) Importer(815301076,1909f56bfc062723c751e8b465ee728b)
Start importing Assets/Scripts/Projectile.cs using Guid(54dfa9a09c469dc4a8086fd8026c5ce7) Importer(815301076,1909f56bfc062723c751e8b465ee728b)  -> (artifact id: 'ac7f48af8758ea21b23b59723d39c887') in 0.036812 seconds
  Import took 0.056515 seconds .

========================================================================
Received Import Request.
  Time since last request: 0.800984 seconds.
  path: Assets/Scripts/SetLayerToTileMap.cs
  artifactKey: Guid(c00150c5c96d4f94093475b630407c5f) Importer(815301076,1909f56bfc062723c751e8b465ee728b)
Start importing Assets/Scripts/SetLayerToTileMap.cs using Guid(c00150c5c96d4f94093475b630407c5f) Importer(815301076,1909f56bfc062723c751e8b465ee728b)  -> (artifact id: 'f0e9ba873671af4e2252cdf23d0b7d80') in 0.022596 seconds
  Import took 0.046156 seconds .

========================================================================
Received Import Request.
  Time since last request: 12.694269 seconds.
  path: Assets/Scenes/Boss Room.unity
  artifactKey: Guid(124a46f3ed050c046a2df691978ee53e) Importer(815301076,1909f56bfc062723c751e8b465ee728b)
Start importing Assets/Scenes/Boss Room.unity using Guid(124a46f3ed050c046a2df691978ee53e) Importer(815301076,1909f56bfc062723c751e8b465ee728b)  -> (artifact id: 'edd8545a0d993ad141704e9b7293997b') in 0.032658 seconds
  Import took 0.046609 seconds .

========================================================================
Received Import Request.
  Time since last request: 23.932710 seconds.
  path: Assets/Scenes/Forest.unity
  artifactKey: Guid(ed81e5d7a26bd6648ae4ffe30e519531) Importer(815301076,1909f56bfc062723c751e8b465ee728b)
Start importing Assets/Scenes/Forest.unity using Guid(ed81e5d7a26bd6648ae4ffe30e519531) Importer(815301076,1909f56bfc062723c751e8b465ee728b)  -> (artifact id: 'd9c8ca894303f10d204ea46d0eaadeb6') in 0.021353 seconds
  Import took 0.036321 seconds .

========================================================================
Received Prepare
Registering precompiled user dll's ...
Registered in 0.003059 seconds.
Begin MonoManager ReloadAssembly
Native extension for WindowsStandalone target not found
Refreshing native plugins compatible for Editor in 1.16 ms, found 1 plugins.
Preloading 0 native plugins for Editor in 0.00 ms.
Invoked RoslynAnalysisRunner static constructor.
RoslynAnalysisRunner will not be running.
RoslynAnalysisRunner has terminated.
Mono: successfully reloaded assembly
- Completed reload, in  2.303 seconds
Platform modules already initialized, skipping
Shader 'Universal Render Pipeline/Particles/Lit': fallback shader 'Universal Render Pipeline/Particles/SimpleLit' not found
Shader 'Universal Render Pipeline/Particles/Lit': fallback shader 'Universal Render Pipeline/Particles/SimpleLit' not found
Refreshing native plugins compatible for Editor in 1.61 ms, found 1 plugins.
Preloading 0 native plugins for Editor in 0.00 ms.
Unloading 3060 Unused Serialized files (Serialized files now loaded: 0)
System memory in use before: 156.2 MB.
System memory in use after: 154.3 MB.

Unloading 32 unused Assets to reduce memory usage. Loaded Objects now: 3677.
Total: 11.585600 ms (FindLiveObjects: 1.544000 ms CreateObjectMapping: 0.476900 ms MarkObjects: 6.255300 ms  DeleteObjects: 3.305700 ms)

========================================================================
Received Import Request.
  Time since last request: 21.740690 seconds.
  path: Assets/Scenes/Intro.unity
  artifactKey: Guid(8687f9a164790ea47a975a7e1dc25dba) Importer(815301076,1909f56bfc062723c751e8b465ee728b)
Start importing Assets/Scenes/Intro.unity using Guid(8687f9a164790ea47a975a7e1dc25dba) Importer(815301076,1909f56bfc062723c751e8b465ee728b)  -> (artifact id: 'f972e803c08af6af661a1bf4f514f06c') in 0.056832 seconds
  Import took 0.069978 seconds .

========================================================================
Received Import Request.
  Time since last request: 16.530624 seconds.
  path: Assets/Scenes/Maze.unity
  artifactKey: Guid(e6c65354ea5500d44b04f4f90b0f230a) Importer(815301076,1909f56bfc062723c751e8b465ee728b)
Start importing Assets/Scenes/Maze.unity using Guid(e6c65354ea5500d44b04f4f90b0f230a) Importer(815301076,1909f56bfc062723c751e8b465ee728b)  -> (artifact id: 'cff1486d59feee8f6b9064bea2165815') in 0.015353 seconds
  Import took 0.032413 seconds .

========================================================================
Received Prepare
Registering precompiled user dll's ...
Registered in 0.003584 seconds.
Begin MonoManager ReloadAssembly
Native extension for WindowsStandalone target not found
Refreshing native plugins compatible for Editor in 0.76 ms, found 1 plugins.
Preloading 0 native plugins for Editor in 0.00 ms.
Invoked RoslynAnalysisRunner static constructor.
RoslynAnalysisRunner will not be running.
RoslynAnalysisRunner has terminated.
Mono: successfully reloaded assembly
- Completed reload, in  1.770 seconds
Platform modules already initialized, skipping
Shader 'Universal Render Pipeline/Particles/Lit': fallback shader 'Universal Render Pipeline/Particles/SimpleLit' not found
Shader 'Universal Render Pipeline/Particles/Lit': fallback shader 'Universal Render Pipeline/Particles/SimpleLit' not found
Refreshing native plugins compatible for Editor in 1.82 ms, found 1 plugins.
Preloading 0 native plugins for Editor in 0.00 ms.
Unloading 3060 Unused Serialized files (Serialized files now loaded: 0)
System memory in use before: 156.3 MB.
System memory in use after: 154.3 MB.

Unloading 32 unused Assets to reduce memory usage. Loaded Objects now: 3681.
Total: 17.205400 ms (FindLiveObjects: 0.732100 ms CreateObjectMapping: 0.791400 ms MarkObjects: 9.546600 ms  DeleteObjects: 6.131100 ms)

========================================================================
Received Import Request.
  Time since last request: 27.549155 seconds.
  path: Assets/Scenes/Forest.unity
  artifactKey: Guid(ed81e5d7a26bd6648ae4ffe30e519531) Importer(815301076,1909f56bfc062723c751e8b465ee728b)
Start importing Assets/Scenes/Forest.unity using Guid(ed81e5d7a26bd6648ae4ffe30e519531) Importer(815301076,1909f56bfc062723c751e8b465ee728b)  -> (artifact id: '9f8b4f8752bef259275082fe03c3e018') in 0.052466 seconds
  Import took 0.065241 seconds .

========================================================================
Received Prepare
Registering precompiled user dll's ...
Registered in 0.001658 seconds.
Begin MonoManager ReloadAssembly
Native extension for WindowsStandalone target not found
Refreshing native plugins compatible for Editor in 0.76 ms, found 1 plugins.
Preloading 0 native plugins for Editor in 0.00 ms.
Invoked RoslynAnalysisRunner static constructor.
RoslynAnalysisRunner will not be running.
RoslynAnalysisRunner has terminated.
Mono: successfully reloaded assembly
- Completed reload, in  2.634 seconds
Platform modules already initialized, skipping
Shader 'Universal Render Pipeline/Particles/Lit': fallback shader 'Universal Render Pipeline/Particles/SimpleLit' not found
Shader 'Universal Render Pipeline/Particles/Lit': fallback shader 'Universal Render Pipeline/Particles/SimpleLit' not found
Refreshing native plugins compatible for Editor in 1.75 ms, found 1 plugins.
Preloading 0 native plugins for Editor in 0.00 ms.
Unloading 3060 Unused Serialized files (Serialized files now loaded: 0)
System memory in use before: 156.2 MB.
System memory in use after: 154.4 MB.

Unloading 32 unused Assets to reduce memory usage. Loaded Objects now: 3685.
Total: 55.097400 ms (FindLiveObjects: 42.744900 ms CreateObjectMapping: 0.328100 ms MarkObjects: 7.538400 ms  DeleteObjects: 4.482100 ms)

========================================================================
Received Import Request.
  Time since last request: 50.393216 seconds.
  path: Assets/Scenes/Principal/Intro 1.asset
  artifactKey: Guid(d5a61db761409914cafddba076fbb72e) Importer(815301076,1909f56bfc062723c751e8b465ee728b)
Start importing Assets/Scenes/Principal/Intro 1.asset using Guid(d5a61db761409914cafddba076fbb72e) Importer(815301076,1909f56bfc062723c751e8b465ee728b)  -> (artifact id: 'ddf2eb213b7ec4243f92c6015c321045') in 0.182845 seconds
  Import took 0.199628 seconds .

========================================================================
Received Import Request.
  Time since last request: 0.000509 seconds.
  path: Assets/Scenes/Principal/Intro.asset
  artifactKey: Guid(91d6252cc947fe146aa92108177b7c48) Importer(815301076,1909f56bfc062723c751e8b465ee728b)
Start importing Assets/Scenes/Principal/Intro.asset using Guid(91d6252cc947fe146aa92108177b7c48) Importer(815301076,1909f56bfc062723c751e8b465ee728b)  -> (artifact id: 'd768143f63a21ea027928f5ecc18ce4e') in 0.050935 seconds
  Import took 0.071308 seconds .

========================================================================
Received Import Request.
  Time since last request: 0.000646 seconds.
  path: Assets/Scenes/Principal/PostProssesing Profile.asset
  artifactKey: Guid(e9c5a3ad95e14bd4b8c4d045662192ab) Importer(815301076,1909f56bfc062723c751e8b465ee728b)
Start importing Assets/Scenes/Principal/PostProssesing Profile.asset using Guid(e9c5a3ad95e14bd4b8c4d045662192ab) Importer(815301076,1909f56bfc062723c751e8b465ee728b)  -> (artifact id: '1f08faeb2b08fac020da9e01bfaf783f') in 0.027701 seconds
  Import took 0.049188 seconds .

AssetImportWorkerClient::OnTransportError - code=2 error=End of file
